Replace Part C1 04025A101JAT2A in C:\Users\randy\Documents\GitHub\Andromeda-V3.21\SourceSelector\Source_SelectorV1\Source_Selector.SchDoc with 04025A101JAT2A from Source Selector.SchLib
Replace Part C2 04025A101JAT2A in C:\Users\randy\Documents\GitHub\Andromeda-V3.21\SourceSelector\Source_SelectorV1\Source_Selector.SchDoc with 04025A101JAT2A from Source Selector.SchLib
Replace Part D1 LTST-C191KGKT in C:\Users\randy\Documents\GitHub\Andromeda-V3.21\SourceSelector\Source_SelectorV1\Source_Selector.SchDoc with LTST-C191KGKT from Source Selector.SchLib
Replace Part D2 LTST-C191KGKT in C:\Users\randy\Documents\GitHub\Andromeda-V3.21\SourceSelector\Source_SelectorV1\Source_Selector.SchDoc with LTST-C191KGKT from Source Selector.SchLib
Replace Part D3 LTST-C191KGKT in C:\Users\randy\Documents\GitHub\Andromeda-V3.21\SourceSelector\Source_SelectorV1\Source_Selector.SchDoc with LTST-C191KGKT from Source Selector.SchLib
Replace Part D4 LTST-C191KGKT in C:\Users\randy\Documents\GitHub\Andromeda-V3.21\SourceSelector\Source_SelectorV1\Source_Selector.SchDoc with LTST-C191KGKT from Source Selector.SchLib
Replace Part D5 LTST-C191KGKT in C:\Users\randy\Documents\GitHub\Andromeda-V3.21\SourceSelector\Source_SelectorV1\Source_Selector.SchDoc with LTST-C191KGKT from Source Selector.SchLib
Replace Part D6 LTST-C191KGKT in C:\Users\randy\Documents\GitHub\Andromeda-V3.21\SourceSelector\Source_SelectorV1\Source_Selector.SchDoc with LTST-C191KGKT from Source Selector.SchLib
Replace Part J1 632121300001 in C:\Users\randy\Documents\GitHub\Andromeda-V3.21\SourceSelector\Source_SelectorV1\Source_Selector.SchDoc with 632121300001 from Source Selector.SchLib
Replace Part J2 632121300001 in C:\Users\randy\Documents\GitHub\Andromeda-V3.21\SourceSelector\Source_SelectorV1\Source_Selector.SchDoc with 632121300001 from Source Selector.SchLib
Replace Part J3 10132449-1221GLF in C:\Users\randy\Documents\GitHub\Andromeda-V3.21\SourceSelector\Source_SelectorV1\Source_Selector.SchDoc with 10132449-1221GLF from Source Selector.SchLib
Replace Part R1 MCT06030D5112BP500 in C:\Users\randy\Documents\GitHub\Andromeda-V3.21\SourceSelector\Source_SelectorV1\Source_Selector.SchDoc with MCT06030D5112BP500 from Source Selector.SchLib
Replace Part R2 MCT06030D5112BP500 in C:\Users\randy\Documents\GitHub\Andromeda-V3.21\SourceSelector\Source_SelectorV1\Source_Selector.SchDoc with MCT06030D5112BP500 from Source Selector.SchLib
Replace Part R3 RT0603BRD075K11L in C:\Users\randy\Documents\GitHub\Andromeda-V3.21\SourceSelector\Source_SelectorV1\Source_Selector.SchDoc with RT0603BRD075K11L from Source Selector.SchLib
Replace Part R4 RNCF0603BTC20K0 in C:\Users\randy\Documents\GitHub\Andromeda-V3.21\SourceSelector\Source_SelectorV1\Source_Selector.SchDoc with RNCF0603BTC20K0 from Source Selector.SchLib
Replace Part R5 RMCF0603FT665K in C:\Users\randy\Documents\GitHub\Andromeda-V3.21\SourceSelector\Source_SelectorV1\Source_Selector.SchDoc with RMCF0603FT665K from Source Selector.SchLib
Replace Part R6 RT0603BRD075K11L in C:\Users\randy\Documents\GitHub\Andromeda-V3.21\SourceSelector\Source_SelectorV1\Source_Selector.SchDoc with RT0603BRD075K11L from Source Selector.SchLib
Replace Part R7 MCT06030D5112BP500 in C:\Users\randy\Documents\GitHub\Andromeda-V3.21\SourceSelector\Source_SelectorV1\Source_Selector.SchDoc with MCT06030D5112BP500 from Source Selector.SchLib
Replace Part R8 MCT06030D5112BP500 in C:\Users\randy\Documents\GitHub\Andromeda-V3.21\SourceSelector\Source_SelectorV1\Source_Selector.SchDoc with MCT06030D5112BP500 from Source Selector.SchLib
Replace Part R9 RT0603BRD075K11L in C:\Users\randy\Documents\GitHub\Andromeda-V3.21\SourceSelector\Source_SelectorV1\Source_Selector.SchDoc with RT0603BRD075K11L from Source Selector.SchLib
Replace Part R10 RMCF0603FT357K in C:\Users\randy\Documents\GitHub\Andromeda-V3.21\SourceSelector\Source_SelectorV1\Source_Selector.SchDoc with RMCF0603FT357K from Source Selector.SchLib
Replace Part R11 RT0603BRE0721KL in C:\Users\randy\Documents\GitHub\Andromeda-V3.21\SourceSelector\Source_SelectorV1\Source_Selector.SchDoc with RT0603BRE0721KL from Source Selector.SchLib
Replace Part R12 RT0603BRD075K11L in C:\Users\randy\Documents\GitHub\Andromeda-V3.21\SourceSelector\Source_SelectorV1\Source_Selector.SchDoc with RT0603BRD075K11L from Source Selector.SchLib
Replace Part R13 RT0603BRD075K11L in C:\Users\randy\Documents\GitHub\Andromeda-V3.21\SourceSelector\Source_SelectorV1\Source_Selector.SchDoc with RT0603BRD075K11L from Source Selector.SchLib
Replace Part R14 RNCF0603BTC20K0 in C:\Users\randy\Documents\GitHub\Andromeda-V3.21\SourceSelector\Source_SelectorV1\Source_Selector.SchDoc with RNCF0603BTC20K0 from Source Selector.SchLib
Replace Part R15 RMCF0603FT665K in C:\Users\randy\Documents\GitHub\Andromeda-V3.21\SourceSelector\Source_SelectorV1\Source_Selector.SchDoc with RMCF0603FT665K from Source Selector.SchLib
Replace Part R16 RT0603BRD075K11L in C:\Users\randy\Documents\GitHub\Andromeda-V3.21\SourceSelector\Source_SelectorV1\Source_Selector.SchDoc with RT0603BRD075K11L from Source Selector.SchLib
Replace Part R17 MCT06030D5112BP500 in C:\Users\randy\Documents\GitHub\Andromeda-V3.21\SourceSelector\Source_SelectorV1\Source_Selector.SchDoc with MCT06030D5112BP500 from Source Selector.SchLib
Replace Part R18 MCT06030D5112BP500 in C:\Users\randy\Documents\GitHub\Andromeda-V3.21\SourceSelector\Source_SelectorV1\Source_Selector.SchDoc with MCT06030D5112BP500 from Source Selector.SchLib
Replace Part R19 RT0603BRD075K11L in C:\Users\randy\Documents\GitHub\Andromeda-V3.21\SourceSelector\Source_SelectorV1\Source_Selector.SchDoc with RT0603BRD075K11L from Source Selector.SchLib
Replace Part R20 MCT06030D5112BP500 in C:\Users\randy\Documents\GitHub\Andromeda-V3.21\SourceSelector\Source_SelectorV1\Source_Selector.SchDoc with MCT06030D5112BP500 from Source Selector.SchLib
Replace Part R21 MCT06030D5112BP500 in C:\Users\randy\Documents\GitHub\Andromeda-V3.21\SourceSelector\Source_SelectorV1\Source_Selector.SchDoc with MCT06030D5112BP500 from Source Selector.SchLib
Replace Part R22 RT0603BRE0721KL in C:\Users\randy\Documents\GitHub\Andromeda-V3.21\SourceSelector\Source_SelectorV1\Source_Selector.SchDoc with RT0603BRE0721KL from Source Selector.SchLib
Replace Part R23 RMCF0603FT357K in C:\Users\randy\Documents\GitHub\Andromeda-V3.21\SourceSelector\Source_SelectorV1\Source_Selector.SchDoc with RMCF0603FT357K from Source Selector.SchLib
Replace Part R24 RT0603BRD075K11L in C:\Users\randy\Documents\GitHub\Andromeda-V3.21\SourceSelector\Source_SelectorV1\Source_Selector.SchDoc with RT0603BRD075K11L from Source Selector.SchLib
Replace Part R25 RT0603BRE0718KL in C:\Users\randy\Documents\GitHub\Andromeda-V3.21\SourceSelector\Source_SelectorV1\Source_Selector.SchDoc with RT0603BRE0718KL from Source Selector.SchLib
Replace Part R26 RT0603BRD075K11L in C:\Users\randy\Documents\GitHub\Andromeda-V3.21\SourceSelector\Source_SelectorV1\Source_Selector.SchDoc with RT0603BRD075K11L from Source Selector.SchLib
Replace Part R27 RT0603BRE0718KL in C:\Users\randy\Documents\GitHub\Andromeda-V3.21\SourceSelector\Source_SelectorV1\Source_Selector.SchDoc with RT0603BRE0718KL from Source Selector.SchLib
Replace Part R28 RT0603BRD075K11L in C:\Users\randy\Documents\GitHub\Andromeda-V3.21\SourceSelector\Source_SelectorV1\Source_Selector.SchDoc with RT0603BRD075K11L from Source Selector.SchLib
Replace Part R50 MCT06030C1301FP500 in C:\Users\randy\Documents\GitHub\Andromeda-V3.21\SourceSelector\Source_SelectorV1\Source_Selector.SchDoc with MCT06030C1301FP500 from Source Selector.SchLib
Replace Part R51 MCT06030C1301FP500 in C:\Users\randy\Documents\GitHub\Andromeda-V3.21\SourceSelector\Source_SelectorV1\Source_Selector.SchDoc with MCT06030C1301FP500 from Source Selector.SchLib
Replace Part R52 ERA-3AEB2491V in C:\Users\randy\Documents\GitHub\Andromeda-V3.21\SourceSelector\Source_SelectorV1\Source_Selector.SchDoc with ERA-3AEB2491V from Source Selector.SchLib
Replace Part R53 ERA-3AEB2491V in C:\Users\randy\Documents\GitHub\Andromeda-V3.21\SourceSelector\Source_SelectorV1\Source_Selector.SchDoc with ERA-3AEB2491V from Source Selector.SchLib
Replace Part R54 ERA-3AEB2491V in C:\Users\randy\Documents\GitHub\Andromeda-V3.21\SourceSelector\Source_SelectorV1\Source_Selector.SchDoc with ERA-3AEB2491V from Source Selector.SchLib
Replace Part R55 ERA-3AEB2491V in C:\Users\randy\Documents\GitHub\Andromeda-V3.21\SourceSelector\Source_SelectorV1\Source_Selector.SchDoc with ERA-3AEB2491V from Source Selector.SchLib
Replace Part SW1 Y101132C203NQ in C:\Users\randy\Documents\GitHub\Andromeda-V3.21\SourceSelector\Source_SelectorV1\Source_Selector.SchDoc with Y101132C203NQ from Source Selector.SchLib
Replace Part SW2 Y101132C203NQ in C:\Users\randy\Documents\GitHub\Andromeda-V3.21\SourceSelector\Source_SelectorV1\Source_Selector.SchDoc with Y101132C203NQ from Source Selector.SchLib
Replace Part U1 TPS2121RUXR in C:\Users\randy\Documents\GitHub\Andromeda-V3.21\SourceSelector\Source_SelectorV1\Source_Selector.SchDoc with TPS2121RUXR from Source Selector.SchLib
Replace Part U2 TPS2121RUXR in C:\Users\randy\Documents\GitHub\Andromeda-V3.21\SourceSelector\Source_SelectorV1\Source_Selector.SchDoc with TPS2121RUXR from Source Selector.SchLib
