Added Component: Designator=J5(0430450400)
Add component (AddParameter): Name = "ComponentLink1Description"; Value = "Datasheet"; VariantName = "[No Variations]"
Add component (AddParameter): Name = "ComponentLink1URL"; Value = "https://www.molex.com/pdm_docs/sd/430450400_sd.pdf"; VariantName = "[No Variations]"
Add component (AddParameter): Name = "ComponentLink2Description"; Value = "Product Specification"; VariantName = "[No Variations]"
Add component (AddParameter): Name = "ComponentLink2URL"; Value = "https://www.molex.com/pdm_docs/ps/PS-43045.pdf"; VariantName = "[No Variations]"
Add component (AddParameter): Name = "Contact Finish - Mating"; Value = "Tin"; VariantName = "[No Variations]"
Add component (AddParameter): Name = "Contact Finish - Post"; Value = "Tin"; VariantName = "[No Variations]"
Add component (AddParameter): Name = "Contact Finish Thickness - Mating"; Value = "100.0µin (2.54µm)"; VariantName = "[No Variations]"
Add component (AddParameter): Name = "Contact Length - Post"; Value = "0.125" (3.18mm)"; VariantName = "[No Variations]"
Add component (AddParameter): Name = "Contact Material"; Value = "Brass"; VariantName = "[No Variations]"
Add component (AddParameter): Name = "Contact Shape"; Value = "Square"; VariantName = "[No Variations]"
Add component (AddParameter): Name = "Contact Type"; Value = "0.118" (3.00mm)"; VariantName = "[No Variations]"
Add component (AddParameter): Name = "Current Rating (Amps)"; Value = "8A"; VariantName = "[No Variations]"
Add component (AddParameter): Name = "Fastening Type"; Value = "Locking Ramp"; VariantName = "[No Variations]"
Add component (AddParameter): Name = "Features"; Value = "Board Lock"; VariantName = "[No Variations]"
Add component (AddParameter): Name = "Insulation Color"; Value = "Black"; VariantName = "[No Variations]"
Add component (AddParameter): Name = "Insulation Height"; Value = "0.290" (7.37mm)"; VariantName = "[No Variations]"
Add component (AddParameter): Name = "Insulation Material"; Value = "Liquid Crystal Polymer (LCP), Glass Filled"; VariantName = "[No Variations]"
Add component (AddParameter): Name = "Manufacturer"; Value = "Molex"; VariantName = "[No Variations]"
Add component (AddParameter): Name = "Manufacturer Part Number"; Value = "0430450400"; VariantName = "[No Variations]"
Add component (AddParameter): Name = "Material Flammability Rating"; Value = "UL94 V-0"; VariantName = "[No Variations]"
Add component (AddParameter): Name = "Mounting Type"; Value = "Through Hole, Right Angle"; VariantName = "[No Variations]"
Add component (AddParameter): Name = "Number of Positions"; Value = "4"; VariantName = "[No Variations]"
Add component (AddParameter): Name = "Number of Rows"; Value = "2"; VariantName = "[No Variations]"
Add component (AddParameter): Name = "Row Spacing - Mating"; Value = "0.118" (3.00mm)"; VariantName = "[No Variations]"
Add component (AddParameter): Name = "Shrouding"; Value = "Shrouded - 4 Wall"; VariantName = "[No Variations]"
Add component (AddParameter): Name = "Supplier 1"; Value = "Digi-Key"; VariantName = "[No Variations]"
Add component (AddParameter): Name = "Supplier Part Number 1"; Value = "WM1814-ND"; VariantName = "[No Variations]"
Add component (AddParameter): Name = "Termination"; Value = "Solder"; VariantName = "[No Variations]"
Add component (AddParameter): Name = "Voltage Rating"; Value = "600V"; VariantName = "[No Variations]"
Added Component: Designator=J6(0430450400)
Add component (AddParameter): Name = "ComponentLink1Description"; Value = "Datasheet"; VariantName = "[No Variations]"
Add component (AddParameter): Name = "ComponentLink1URL"; Value = "https://www.molex.com/pdm_docs/sd/430450400_sd.pdf"; VariantName = "[No Variations]"
Add component (AddParameter): Name = "ComponentLink2Description"; Value = "Product Specification"; VariantName = "[No Variations]"
Add component (AddParameter): Name = "ComponentLink2URL"; Value = "https://www.molex.com/pdm_docs/ps/PS-43045.pdf"; VariantName = "[No Variations]"
Add component (AddParameter): Name = "Contact Finish - Mating"; Value = "Tin"; VariantName = "[No Variations]"
Add component (AddParameter): Name = "Contact Finish - Post"; Value = "Tin"; VariantName = "[No Variations]"
Add component (AddParameter): Name = "Contact Finish Thickness - Mating"; Value = "100.0µin (2.54µm)"; VariantName = "[No Variations]"
Add component (AddParameter): Name = "Contact Length - Post"; Value = "0.125" (3.18mm)"; VariantName = "[No Variations]"
Add component (AddParameter): Name = "Contact Material"; Value = "Brass"; VariantName = "[No Variations]"
Add component (AddParameter): Name = "Contact Shape"; Value = "Square"; VariantName = "[No Variations]"
Add component (AddParameter): Name = "Contact Type"; Value = "0.118" (3.00mm)"; VariantName = "[No Variations]"
Add component (AddParameter): Name = "Current Rating (Amps)"; Value = "8A"; VariantName = "[No Variations]"
Add component (AddParameter): Name = "Fastening Type"; Value = "Locking Ramp"; VariantName = "[No Variations]"
Add component (AddParameter): Name = "Features"; Value = "Board Lock"; VariantName = "[No Variations]"
Add component (AddParameter): Name = "Insulation Color"; Value = "Black"; VariantName = "[No Variations]"
Add component (AddParameter): Name = "Insulation Height"; Value = "0.290" (7.37mm)"; VariantName = "[No Variations]"
Add component (AddParameter): Name = "Insulation Material"; Value = "Liquid Crystal Polymer (LCP), Glass Filled"; VariantName = "[No Variations]"
Add component (AddParameter): Name = "Manufacturer"; Value = "Molex"; VariantName = "[No Variations]"
Add component (AddParameter): Name = "Manufacturer Part Number"; Value = "0430450400"; VariantName = "[No Variations]"
Add component (AddParameter): Name = "Material Flammability Rating"; Value = "UL94 V-0"; VariantName = "[No Variations]"
Add component (AddParameter): Name = "Mounting Type"; Value = "Through Hole, Right Angle"; VariantName = "[No Variations]"
Add component (AddParameter): Name = "Number of Positions"; Value = "4"; VariantName = "[No Variations]"
Add component (AddParameter): Name = "Number of Rows"; Value = "2"; VariantName = "[No Variations]"
Add component (AddParameter): Name = "Row Spacing - Mating"; Value = "0.118" (3.00mm)"; VariantName = "[No Variations]"
Add component (AddParameter): Name = "Shrouding"; Value = "Shrouded - 4 Wall"; VariantName = "[No Variations]"
Add component (AddParameter): Name = "Supplier 1"; Value = "Digi-Key"; VariantName = "[No Variations]"
Add component (AddParameter): Name = "Supplier Part Number 1"; Value = "WM1814-ND"; VariantName = "[No Variations]"
Add component (AddParameter): Name = "Termination"; Value = "Solder"; VariantName = "[No Variations]"
Add component (AddParameter): Name = "Voltage Rating"; Value = "600V"; VariantName = "[No Variations]"
Added Member To Class: ClassName=Source_Selector Member=Component D2 LTST-C191KGKT
Added Member To Class: ClassName=Source_Selector Member=Component D3 LTST-C191KGKT
Added Member To Class: ClassName=Source_Selector Member=Component J3 10132449-1221GLF
Added Member To Class: ClassName=Source_Selector Member=Component J4 0430450400
Added Member To Class: ClassName=Source_Selector Member=Component R50 MCT06030C1301FP500
Added Member To Class: ClassName=Source_Selector Member=Component R51 MCT06030C1301FP500
Added Member To Class: ClassName=Source_Selector Member=Component SW1 Y101132C203NQ
Added Member To Class: ClassName=Source_Selector Member=Component SW2 Y101132C203NQ
