Change Component Designator: OldDesignator=D? NewDesignator=D1
Change Component Designator: OldDesignator=D? NewDesignator=D2
Change Component Designator: OldDesignator=D? NewDesignator=D3
Change Component Designator: OldDesignator=D? NewDesignator=D4
Change Component Designator: OldDesignator=D? NewDesignator=D5
Change Component Designator: OldDesignator=D? NewDesignator=D6
Change Component Designator: OldDesignator=R? NewDesignator=R50
Change Component Designator: OldDesignator=R? NewDesignator=R51
Change Component Designator: OldDesignator=R? NewDesignator=R52
Change Component Designator: OldDesignator=R? NewDesignator=R53
Change Component Designator: OldDesignator=R? NewDesignator=R54
Change Component Designator: OldDesignator=R? NewDesignator=R55
Change Net Name : Old Net Name=NetD?_2 New Net Name=NetD6_2
Change Net Name : Old Net Name=NetR?_2 New Net Name=NetR50_2
Added Pin To Net: NetName=NetD1_2 Pin=D1-2
Added Pin To Net: NetName=NetD1_2 Pin=R52-1
Added Net: Name=NetD1_2
Added Pin To Net: NetName=NetD2_2 Pin=D2-2
Added Pin To Net: NetName=NetD2_2 Pin=R51-1
Added Net: Name=NetD2_2
Added Pin To Net: NetName=NetD3_2 Pin=D3-2
Added Pin To Net: NetName=NetD3_2 Pin=R50-1
Added Net: Name=NetD3_2
Added Pin To Net: NetName=NetD4_2 Pin=D4-2
Added Pin To Net: NetName=NetD4_2 Pin=R53-1
Added Net: Name=NetD4_2
Added Pin To Net: NetName=NetD5_2 Pin=D5-2
Added Pin To Net: NetName=NetD5_2 Pin=R54-1
Added Net: Name=NetD5_2
Added Pin To Net: NetName=NetR51_2 Pin=R51-2
Added Pin To Net: NetName=NetR51_2 Pin=SW2-3
Added Net: Name=NetR51_2
Added Pin To Net: NetName=NetR52_2 Pin=R52-2
Added Pin To Net: NetName=NetR52_2 Pin=SW1-1
Added Pin To Net: NetName=NetR52_2 Pin=U2-1
Added Net: Name=NetR52_2
Added Member To Class: ClassName=Source_Selector Member=Component D1 LTST-C191KGKT
Added Member To Class: ClassName=Source_Selector Member=Component D3 LTST-C191KGKT
Added Member To Class: ClassName=Source_Selector Member=Component D4 LTST-C191KGKT
Added Member To Class: ClassName=Source_Selector Member=Component D5 LTST-C191KGKT
Added Member To Class: ClassName=Source_Selector Member=Component D6 LTST-C191KGKT
Added Member To Class: ClassName=Source_Selector Member=Component R50 MCT06030C1301FP500
Added Member To Class: ClassName=Source_Selector Member=Component R52 ERA-3AEB2491V
Added Member To Class: ClassName=Source_Selector Member=Component R53 ERA-3AEB2491V
Added Member To Class: ClassName=Source_Selector Member=Component R54 ERA-3AEB2491V
Added Member To Class: ClassName=Source_Selector Member=Component R55 ERA-3AEB2491V
