Change Component Designator: OldDesignator=D1 NewDesignator=AV3
Change Component Designator: OldDesignator=D2 NewDesignator=STR_PW
Change Component Designator: OldDesignator=D3 NewDesignator=RB_PW
Change Component Designator: OldDesignator=D4 NewDesignator=BB_PW
Change Component Designator: OldDesignator=D5 NewDesignator=MB_PW
Change Component Designator: OldDesignator=D6 NewDesignator=GS_PW
Change component parameters: Designator = "C3" ("C3"); Footprint = "CAPC3225X280N"; UniqueID = "\AEISCXUC" ("\AEISCXUC")
Change component parameters (AddParameter): Name = "Capacitance"; Value = "100µF "; VariantName = "[No Variations]"
Change component parameters (AddParameter): Name = "ComponentLink1Description"; Value = "Datasheet"; VariantName = "[No Variations]"
Change component parameters (AddParameter): Name = "ComponentLink1URL"; Value = "https://ds.yuden.co.jp/TYCOMPAS/ut/detail?pn=EMK325ABJ107MM-P%20&u=M"; VariantName = "[No Variations]"
Change component parameters (AddParameter): Name = "Manufacturer"; Value = "Taiyo Yuden"; VariantName = "[No Variations]"
Change component parameters (AddParameter): Name = "Manufacturer Part Number"; Value = "EMK325ABJ107MM-P"; VariantName = "[No Variations]"
Change component parameters (AddParameter): Name = "Mounting Type"; Value = "Surface Mount, MLCC"; VariantName = "[No Variations]"
Change component parameters (AddParameter): Name = "Operating Temperature"; Value = "-55°C ~ 85°C"; VariantName = "[No Variations]"
Change component parameters (AddParameter): Name = "Package / Case"; Value = "1210 (3225 Metric)"; VariantName = "[No Variations]"
Change component parameters (AddParameter): Name = "Size / Dimension"; Value = "0.126"" L x 0.098"" W (3.20mm x 2.50mm)"; VariantName = "[No Variations]"
Change component parameters (AddParameter): Name = "Supplier 1"; Value = "Digi-Key"; VariantName = "[No Variations]"
Change component parameters (AddParameter): Name = "Supplier Part Number 1"; Value = "587-5426-1-ND"; VariantName = "[No Variations]"
Change component parameters (AddParameter): Name = "Temperature Coefficient"; Value = "X5R"; VariantName = "[No Variations]"
Change component parameters (AddParameter): Name = "Thickness (Max)"; Value = "0.110"" (2.80mm)"; VariantName = "[No Variations]"
Change component parameters (AddParameter): Name = "Tolerance"; Value = "±20%"; VariantName = "[No Variations]"
Change component parameters (AddParameter): Name = "Voltage - Rated"; Value = "16V"; VariantName = "[No Variations]"
Change Net Name : Old Net Name=NetD1_2 New Net Name=NetAV3_2
Change Net Name : Old Net Name=NetD2_2 New Net Name=NetR51_1
Change Net Name : Old Net Name=NetD3_2 New Net Name=NetR50_1
Change Net Name : Old Net Name=NetD4_2 New Net Name=NetBB_PW_2
Change Net Name : Old Net Name=NetD5_2 New Net Name=NetMB_PW_2
Change Net Name : Old Net Name=NetD6_2 New Net Name=NetGS_PW_2
